2016-01-19 16:46:37,521 [main] ERROR StackTrace  - Full Stack Trace:
Condition not satisfied:

items.size() > 0
|     |      |
[]    0      false

	at com.oracle.grailshackathon.ItemIntegrationSpec.test that items are returned(ItemIntegrationSpec.groovy:20)
2016-01-19 16:46:37,528 [main] ERROR StackTrace  - Full Stack Trace:
Condition not satisfied:

items.size() > 0
|     |      |
[]    0      false

	at com.oracle.grailshackathon.ItemIntegrationSpec.test that items are returned(ItemIntegrationSpec.groovy:20)
2016-01-19 16:46:37,531 [main] ERROR StackTrace  - Full Stack Trace:
junit.framework.AssertionFailedError: Condition not satisfied:

items.size() > 0
|     |      |
[]    0      false

	at com.oracle.grailshackathon.ItemIntegrationSpec.test that items are returned(ItemIntegrationSpec.groovy:20)
2016-01-19 16:46:37,531 [main] ERROR StackTrace  - Full Stack Trace:
junit.framework.AssertionFailedError: Condition not satisfied:

items.size() > 0
|     |      |
[]    0      false

	at com.oracle.grailshackathon.ItemIntegrationSpec.test that items are returned(ItemIntegrationSpec.groovy:20)
2016-01-19 16:46:37,538 [main] ERROR StackTrace  - Full Stack Trace:
junit.framework.AssertionFailedError: Condition not satisfied:

items.size() > 0
|     |      |
[]    0      false

	at com.oracle.grailshackathon.ItemIntegrationSpec.test that items are returned(ItemIntegrationSpec.groovy:20)
2016-01-19 16:46:37,538 [main] ERROR StackTrace  - Full Stack Trace:
junit.framework.AssertionFailedError: Condition not satisfied:

items.size() > 0
|     |      |
[]    0      false

	at com.oracle.grailshackathon.ItemIntegrationSpec.test that items are returned(ItemIntegrationSpec.groovy:20)
2016-01-19 16:49:30,683 [main] ERROR StackTrace  - Full Stack Trace:
Condition not satisfied:

items.size() > 0
|     |      |
[]    0      false

	at com.oracle.grailshackathon.ItemIntegrationSpec.test that items are returned(ItemIntegrationSpec.groovy:21)
2016-01-19 16:49:30,690 [main] ERROR StackTrace  - Full Stack Trace:
Condition not satisfied:

items.size() > 0
|     |      |
[]    0      false

	at com.oracle.grailshackathon.ItemIntegrationSpec.test that items are returned(ItemIntegrationSpec.groovy:21)
2016-01-19 16:49:30,693 [main] ERROR StackTrace  - Full Stack Trace:
junit.framework.AssertionFailedError: Condition not satisfied:

items.size() > 0
|     |      |
[]    0      false

	at com.oracle.grailshackathon.ItemIntegrationSpec.test that items are returned(ItemIntegrationSpec.groovy:21)
2016-01-19 16:49:30,693 [main] ERROR StackTrace  - Full Stack Trace:
junit.framework.AssertionFailedError: Condition not satisfied:

items.size() > 0
|     |      |
[]    0      false

	at com.oracle.grailshackathon.ItemIntegrationSpec.test that items are returned(ItemIntegrationSpec.groovy:21)
2016-01-19 16:49:30,698 [main] ERROR StackTrace  - Full Stack Trace:
junit.framework.AssertionFailedError: Condition not satisfied:

items.size() > 0
|     |      |
[]    0      false

	at com.oracle.grailshackathon.ItemIntegrationSpec.test that items are returned(ItemIntegrationSpec.groovy:21)
2016-01-19 16:49:30,701 [main] ERROR StackTrace  - Full Stack Trace:
junit.framework.AssertionFailedError: Condition not satisfied:

items.size() > 0
|     |      |
[]    0      false

	at com.oracle.grailshackathon.ItemIntegrationSpec.test that items are returned(ItemIntegrationSpec.groovy:21)
